<!DOCTYPE html PUBLIC "-//W3C//DTD XHTML 1.1//EN" "https://www.w3.org/TR/xhtml11/DTD/xhtml11.dtd">
<html xmlns="https://www.w3.org/1999/xhtml">
<head>
<meta http-equiv="content-type" content="text/html; charset=UTF-8"/>
<title>TestNG Report</title>
<style type="text/css">table {margin-bottom:10px;border-collapse:collapse;empty-cells:show}th,td {border:1px solid #009;padding:.25em .5em}th {vertical-align:bottom}td {vertical-align:top}table a {font-weight:bold}.stripe td {background-color: #E6EBF9}.num {text-align:right}.passedodd td {background-color: #3F3}.passedeven td {background-color: #0A0}.skippedodd td {background-color: #DDD}.skippedeven td {background-color: #CCC}.failedodd td,.attn {background-color: #F33}.failedeven td,.stripe .attn {background-color: #D00}.stacktrace {white-space:pre;font-family:monospace}.totop {font-size:85%;text-align:center;border-bottom:2px solid #000}.invisible {display:none}</style>
</head>
<body>
<table>
<tr><th>Test</th><th># Passed</th><th># Skipped</th><th># Retried</th><th># Failed</th><th>Time (ms)</th><th>Included Groups</th><th>Excluded Groups</th></tr>
<tr><th colspan="8">Suite</th></tr>
<tr><td><a href="#t0">Test</a></td><td class="num">9</td><td class="num">0</td><td class="num attn">2</td><td class="num">0</td><td class="num">253,779</td><td></td><td></td></tr>
</table>
<table id='summary'><thead><tr><th>Class</th><th>Method</th><th>Start</th><th>Time (ms)</th></tr></thead><tbody><tr><th colspan="4">Suite</th></tr></tbody><tbody id="t0"><tr><th colspan="4">Test &#8212; retried</th></tr><tr class="retriedeven"><td rowspan="1">airlines_project.Testcase14_SearchDomesRoundTF</td><td><a href="#m0">SearchDomesticTrip</a></td><td rowspan="1">1727186106605</td><td rowspan="1">16918</td></tr><tr class="retriedodd"><td rowspan="1">airlines_project.Testcase8_SeatSelection</td><td><a href="#m1">SeatSelection</a></td><td rowspan="1">1727185998105</td><td rowspan="1">19609</td></tr><tr><th colspan="4">Test &#8212; passed</th></tr><tr class="passedeven"><td rowspan="1">airlines_project.Testcase12_LoginSearchLogout</td><td><a href="#m2">LoginSearchLogout</a></td><td rowspan="1">1727186087003</td><td rowspan="1">12922</td></tr><tr class="passedodd"><td rowspan="1">airlines_project.Testcase14_SearchDomesRoundTF</td><td><a href="#m3">SearchDomesticTrip</a></td><td rowspan="1">1727186128560</td><td rowspan="1">9200</td></tr><tr class="passedeven"><td rowspan="1">airlines_project.Testcase2_ValidLogin</td><td><a href="#m4">validlogin</a></td><td rowspan="1">1727185915791</td><td rowspan="1">9827</td></tr><tr class="passedodd"><td rowspan="1">airlines_project.Testcase3_InvalidLogin</td><td><a href="#m5">validlogin</a></td><td rowspan="1">1727185933781</td><td rowspan="1">3333</td></tr><tr class="passedeven"><td rowspan="1">airlines_project.Testcase4_SearchOneWayF</td><td><a href="#m6">OneWayTrip</a></td><td rowspan="1">1727185944546</td><td rowspan="1">8354</td></tr><tr class="passedodd"><td rowspan="1">airlines_project.Testcase5_SearchRoundTripF</td><td><a href="#m7">RoundTripSearch</a></td><td rowspan="1">1727185958726</td><td rowspan="1">10243</td></tr><tr class="passedeven"><td rowspan="1">airlines_project.Testcase6_ValidateSearchdiffClasses</td><td><a href="#m8">DiffEconomies</a></td><td rowspan="1">1727185975447</td><td rowspan="1">14868</td></tr><tr class="passedodd"><td rowspan="1">airlines_project.Testcase8_SeatSelection</td><td><a href="#m9">SeatSelection</a></td><td rowspan="1">1727186022838</td><td rowspan="1">28253</td></tr><tr class="passedeven"><td rowspan="1">airlines_project.Testcase9_MulPassSingleBooking</td><td><a href="#m10">MulPassSingleBooking</a></td><td rowspan="1">1727186056403</td><td rowspan="1">23543</td></tr></tbody>
</table>
<h2>Test</h2><h3 id="m0">airlines_project.Testcase14_SearchDomesRoundTF#SearchDomesticTrip</h3><table class="result"><tr><th>Exception</th></tr><tr><td><div class="stacktrace">org.openqa.selenium.NoSuchElementException: no such element: Unable to locate element: {&quot;method&quot;:&quot;xpath&quot;,&quot;selector&quot;:&quot;(//div[@class=&apos;_285a55dc&apos;])[2]&quot;}
  (Session info: chrome=128.0.6613.139)
For documentation on this error, please visit: https://www.selenium.dev/documentation/webdriver/troubleshooting/errors#no-such-element-exception
Build info: version: &apos;4.23.1&apos;, revision: &apos;656257d8e9&apos;
System info: os.name: &apos;Windows 10&apos;, os.arch: &apos;amd64&apos;, os.version: &apos;10.0&apos;, java.version: &apos;22.0.1&apos;
Driver info: org.openqa.selenium.chrome.ChromeDriver
Command: [c3bf4784be273ef2e4e436ec8a02788b, findElement {value=(//div[@class=&apos;_285a55dc&apos;])[2], using=xpath}]
Capabilities {acceptInsecureCerts: false, browserName: chrome, browserVersion: 128.0.6613.139, chrome: {chromedriverVersion: 128.0.6613.137 (fe621c5aa2d..., userDataDir: C:\Users\LENOVO\AppData\Loc...}, fedcm:accounts: true, goog:chromeOptions: {debuggerAddress: localhost:62183}, networkConnectionEnabled: false, pageLoadStrategy: normal, platformName: windows, proxy: Proxy(), se:cdp: ws://localhost:62183/devtoo..., se:cdpVersion: 128.0.6613.139, setWindowRect: true, strictFileInteractability: false, timeouts: {implicit: 0, pageLoad: 300000, script: 30000}, unhandledPromptBehavior: dismiss and notify, webauthn:extension:credBlob: true, webauthn:extension:largeBlob: true, webauthn:extension:minPinLength: true, webauthn:extension:prf: true, webauthn:virtualAuthenticators: true}
Session ID: c3bf4784be273ef2e4e436ec8a02788b
	at org.openqa.selenium.remote.ErrorCodec.decode(ErrorCodec.java:167)
	at org.openqa.selenium.remote.codec.w3c.W3CHttpResponseCodec.decode(W3CHttpResponseCodec.java:138)
	at org.openqa.selenium.remote.codec.w3c.W3CHttpResponseCodec.decode(W3CHttpResponseCodec.java:50)
	at org.openqa.selenium.remote.HttpCommandExecutor.execute(HttpCommandExecutor.java:190)
	at org.openqa.selenium.remote.service.DriverCommandExecutor.invokeExecute(DriverCommandExecutor.java:216)
	at org.openqa.selenium.remote.service.DriverCommandExecutor.execute(DriverCommandExecutor.java:174)
	at org.openqa.selenium.remote.RemoteWebDriver.execute(RemoteWebDriver.java:545)
	at org.openqa.selenium.remote.ElementLocation$ElementFinder$2.findElement(ElementLocation.java:165)
	at org.openqa.selenium.remote.ElementLocation.findElement(ElementLocation.java:59)
	at org.openqa.selenium.remote.RemoteWebDriver.findElement(RemoteWebDriver.java:368)
	at org.openqa.selenium.remote.RemoteWebDriver.findElement(RemoteWebDriver.java:362)
	at org.openqa.selenium.support.pagefactory.DefaultElementLocator.findElement(DefaultElementLocator.java:68)
	at org.openqa.selenium.support.pagefactory.internal.LocatingElementHandler.invoke(LocatingElementHandler.java:38)
	at jdk.proxy2/jdk.proxy2.$Proxy14.isDisplayed(Unknown Source)
	at airlines_project.SearchDomesRoundTF_TC14.RoundTripResults(SearchDomesRoundTF_TC14.java:32)
	at airlines_project.Testcase14_SearchDomesRoundTF.SearchDomesticTrip(Testcase14_SearchDomesRoundTF.java:29)
	at java.base/java.util.ArrayList.forEach(ArrayList.java:1597)
... Removed 28 stack frames</div></td></tr></table><p class="totop"><a href="#summary">back to summary</a></p>
<h3 id="m1">airlines_project.Testcase8_SeatSelection#SeatSelection</h3><table class="result"><tr><th>Exception</th></tr><tr><td><div class="stacktrace">org.openqa.selenium.NoSuchElementException: no such element: Unable to locate element: {&quot;method&quot;:&quot;xpath&quot;,&quot;selector&quot;:&quot;(//button[.=&apos;1&apos;])[1]&quot;}
  (Session info: chrome=128.0.6613.139)
For documentation on this error, please visit: https://www.selenium.dev/documentation/webdriver/troubleshooting/errors#no-such-element-exception
Build info: version: &apos;4.23.1&apos;, revision: &apos;656257d8e9&apos;
System info: os.name: &apos;Windows 10&apos;, os.arch: &apos;amd64&apos;, os.version: &apos;10.0&apos;, java.version: &apos;22.0.1&apos;
Driver info: org.openqa.selenium.chrome.ChromeDriver
Command: [ed7d0e09c50eca32c3a832fd38541857, findElement {value=(//button[.=&apos;1&apos;])[1], using=xpath}]
Capabilities {acceptInsecureCerts: false, browserName: chrome, browserVersion: 128.0.6613.139, chrome: {chromedriverVersion: 128.0.6613.137 (fe621c5aa2d..., userDataDir: C:\Users\LENOVO\AppData\Loc...}, fedcm:accounts: true, goog:chromeOptions: {debuggerAddress: localhost:61597}, networkConnectionEnabled: false, pageLoadStrategy: normal, platformName: windows, proxy: Proxy(), se:cdp: ws://localhost:61597/devtoo..., se:cdpVersion: 128.0.6613.139, setWindowRect: true, strictFileInteractability: false, timeouts: {implicit: 0, pageLoad: 300000, script: 30000}, unhandledPromptBehavior: dismiss and notify, webauthn:extension:credBlob: true, webauthn:extension:largeBlob: true, webauthn:extension:minPinLength: true, webauthn:extension:prf: true, webauthn:virtualAuthenticators: true}
Session ID: ed7d0e09c50eca32c3a832fd38541857
	at org.openqa.selenium.remote.ErrorCodec.decode(ErrorCodec.java:167)
	at org.openqa.selenium.remote.codec.w3c.W3CHttpResponseCodec.decode(W3CHttpResponseCodec.java:138)
	at org.openqa.selenium.remote.codec.w3c.W3CHttpResponseCodec.decode(W3CHttpResponseCodec.java:50)
	at org.openqa.selenium.remote.HttpCommandExecutor.execute(HttpCommandExecutor.java:190)
	at org.openqa.selenium.remote.service.DriverCommandExecutor.invokeExecute(DriverCommandExecutor.java:216)
	at org.openqa.selenium.remote.service.DriverCommandExecutor.execute(DriverCommandExecutor.java:174)
	at org.openqa.selenium.remote.RemoteWebDriver.execute(RemoteWebDriver.java:545)
	at org.openqa.selenium.remote.ElementLocation$ElementFinder$2.findElement(ElementLocation.java:165)
	at org.openqa.selenium.remote.ElementLocation.findElement(ElementLocation.java:59)
	at org.openqa.selenium.remote.RemoteWebDriver.findElement(RemoteWebDriver.java:368)
	at org.openqa.selenium.remote.RemoteWebDriver.findElement(RemoteWebDriver.java:362)
	at org.openqa.selenium.support.pagefactory.DefaultElementLocator.findElement(DefaultElementLocator.java:68)
	at org.openqa.selenium.support.pagefactory.internal.LocatingElementHandler.invoke(LocatingElementHandler.java:38)
	at jdk.proxy2/jdk.proxy2.$Proxy14.click(Unknown Source)
	at airlines_project.SeatSelection_TC8.OnePassenger(SeatSelection_TC8.java:68)
	at airlines_project.Testcase8_SeatSelection.SeatSelection(Testcase8_SeatSelection.java:34)
	at java.base/java.util.ArrayList.forEach(ArrayList.java:1597)
... Removed 28 stack frames</div></td></tr></table><p class="totop"><a href="#summary">back to summary</a></p>
<h3 id="m2">airlines_project.Testcase12_LoginSearchLogout#LoginSearchLogout</h3><table class="result"><tr><th>Messages</th></tr><tr><td><div class="messages">testcase is pass > report from Listeners</div></td></tr></table><p class="totop"><a href="#summary">back to summary</a></p>
<h3 id="m3">airlines_project.Testcase14_SearchDomesRoundTF#SearchDomesticTrip</h3><table class="result"><tr><th>Messages</th></tr><tr><td><div class="messages">testcase is pass > report from Listeners</div></td></tr></table><p class="totop"><a href="#summary">back to summary</a></p>
<h3 id="m4">airlines_project.Testcase2_ValidLogin#validlogin</h3><table class="result"><tr><th>Messages</th></tr><tr><td><div class="messages">testcase is pass > report from Listeners</div></td></tr></table><p class="totop"><a href="#summary">back to summary</a></p>
<h3 id="m5">airlines_project.Testcase3_InvalidLogin#validlogin</h3><table class="result"><tr><th>Messages</th></tr><tr><td><div class="messages">testcase is pass > report from Listeners</div></td></tr></table><p class="totop"><a href="#summary">back to summary</a></p>
<h3 id="m6">airlines_project.Testcase4_SearchOneWayF#OneWayTrip</h3><table class="result"><tr><th>Messages</th></tr><tr><td><div class="messages">testcase is pass > report from Listeners</div></td></tr></table><p class="totop"><a href="#summary">back to summary</a></p>
<h3 id="m7">airlines_project.Testcase5_SearchRoundTripF#RoundTripSearch</h3><table class="result"><tr><th>Messages</th></tr><tr><td><div class="messages">testcase is pass > report from Listeners</div></td></tr></table><p class="totop"><a href="#summary">back to summary</a></p>
<h3 id="m8">airlines_project.Testcase6_ValidateSearchdiffClasses#DiffEconomies</h3><table class="result"><tr><th>Messages</th></tr><tr><td><div class="messages">testcase is pass > report from Listeners</div></td></tr></table><p class="totop"><a href="#summary">back to summary</a></p>
<h3 id="m9">airlines_project.Testcase8_SeatSelection#SeatSelection</h3><table class="result"><tr><th>Messages</th></tr><tr><td><div class="messages">testcase is pass > report from Listeners</div></td></tr></table><p class="totop"><a href="#summary">back to summary</a></p>
<h3 id="m10">airlines_project.Testcase9_MulPassSingleBooking#MulPassSingleBooking</h3><table class="result"><tr><th>Messages</th></tr><tr><td><div class="messages">testcase is pass > report from Listeners</div></td></tr></table><p class="totop"><a href="#summary">back to summary</a></p>
</body>
</html>
