<?xml version="1.0" encoding="UTF-8"?>
<testng-results retried="2" ignored="0" total="11" passed="9" failed="0" skipped="0">
  <reporter-output>
    <line>
      <![CDATA[testcase is pass > report from Listeners]]>
    </line>
    <line>
      <![CDATA[testcase is pass > report from Listeners]]>
    </line>
    <line>
      <![CDATA[testcase is pass > report from Listeners]]>
    </line>
    <line>
      <![CDATA[testcase is pass > report from Listeners]]>
    </line>
    <line>
      <![CDATA[testcase is pass > report from Listeners]]>
    </line>
    <line>
      <![CDATA[testcase is pass > report from Listeners]]>
    </line>
    <line>
      <![CDATA[testcase is pass > report from Listeners]]>
    </line>
    <line>
      <![CDATA[testcase is pass > report from Listeners]]>
    </line>
    <line>
      <![CDATA[testcase is pass > report from Listeners]]>
    </line>
  </reporter-output>
  <suite started-at="2024-09-24T19:21:24 IST" name="Suite" finished-at="2024-09-24T19:25:38 IST" duration-ms="253779">
    <groups>
    </groups>
    <test started-at="2024-09-24T19:21:24 IST" name="Test" finished-at="2024-09-24T19:25:38 IST" duration-ms="253779">
      <class name="airlines_project.Testcase8_SeatSelection">
        <test-method is-config="true" signature="login()[pri:0, instance:airlines_project.Testcase8_SeatSelection@3e27ba32]" started-at="2024-09-24T19:23:12 IST" name="login" finished-at="2024-09-24T19:23:18 IST" duration-ms="5542" status="PASS">
          <reporter-output>
          </reporter-output>
        </test-method> <!-- login -->
        <test-method retried="true" signature="SeatSelection()[pri:0, instance:airlines_project.Testcase8_SeatSelection@3e27ba32]" started-at="2024-09-24T19:23:18 IST" name="SeatSelection" finished-at="2024-09-24T19:23:37 IST" duration-ms="19609" status="SKIP">
          <exception class="org.openqa.selenium.NoSuchElementException">
            <message>
              <![CDATA[no such element: Unable to locate element: {"method":"xpath","selector":"(//button[.='1'])[1]"}
  (Session info: chrome=128.0.6613.139)
For documentation on this error, please visit: https://www.selenium.dev/documentation/webdriver/troubleshooting/errors#no-such-element-exception
Build info: version: '4.23.1', revision: '656257d8e9'
System info: os.name: 'Windows 10', os.arch: 'amd64', os.version: '10.0', java.version: '22.0.1'
Driver info: org.openqa.selenium.chrome.ChromeDriver
Command: [ed7d0e09c50eca32c3a832fd38541857, findElement {value=(//button[.='1'])[1], using=xpath}]
Capabilities {acceptInsecureCerts: false, browserName: chrome, browserVersion: 128.0.6613.139, chrome: {chromedriverVersion: 128.0.6613.137 (fe621c5aa2d..., userDataDir: C:\Users\LENOVO\AppData\Loc...}, fedcm:accounts: true, goog:chromeOptions: {debuggerAddress: localhost:61597}, networkConnectionEnabled: false, pageLoadStrategy: normal, platformName: windows, proxy: Proxy(), se:cdp: ws://localhost:61597/devtoo..., se:cdpVersion: 128.0.6613.139, setWindowRect: true, strictFileInteractability: false, timeouts: {implicit: 0, pageLoad: 300000, script: 30000}, unhandledPromptBehavior: dismiss and notify, webauthn:extension:credBlob: true, webauthn:extension:largeBlob: true, webauthn:extension:minPinLength: true, webauthn:extension:prf: true, webauthn:virtualAuthenticators: true}
Session ID: ed7d0e09c50eca32c3a832fd38541857]]>
            </message>
            <full-stacktrace>
              <![CDATA[org.openqa.selenium.NoSuchElementException: no such element: Unable to locate element: {"method":"xpath","selector":"(//button[.='1'])[1]"}
  (Session info: chrome=128.0.6613.139)
For documentation on this error, please visit: https://www.selenium.dev/documentation/webdriver/troubleshooting/errors#no-such-element-exception
Build info: version: '4.23.1', revision: '656257d8e9'
System info: os.name: 'Windows 10', os.arch: 'amd64', os.version: '10.0', java.version: '22.0.1'
Driver info: org.openqa.selenium.chrome.ChromeDriver
Command: [ed7d0e09c50eca32c3a832fd38541857, findElement {value=(//button[.='1'])[1], using=xpath}]
Capabilities {acceptInsecureCerts: false, browserName: chrome, browserVersion: 128.0.6613.139, chrome: {chromedriverVersion: 128.0.6613.137 (fe621c5aa2d..., userDataDir: C:\Users\LENOVO\AppData\Loc...}, fedcm:accounts: true, goog:chromeOptions: {debuggerAddress: localhost:61597}, networkConnectionEnabled: false, pageLoadStrategy: normal, platformName: windows, proxy: Proxy(), se:cdp: ws://localhost:61597/devtoo..., se:cdpVersion: 128.0.6613.139, setWindowRect: true, strictFileInteractability: false, timeouts: {implicit: 0, pageLoad: 300000, script: 30000}, unhandledPromptBehavior: dismiss and notify, webauthn:extension:credBlob: true, webauthn:extension:largeBlob: true, webauthn:extension:minPinLength: true, webauthn:extension:prf: true, webauthn:virtualAuthenticators: true}
Session ID: ed7d0e09c50eca32c3a832fd38541857
at java.base/jdk.internal.reflect.DirectConstructorHandleAccessor.newInstance(DirectConstructorHandleAccessor.java:62)
at java.base/java.lang.reflect.Constructor.newInstanceWithCaller(Constructor.java:502)
at java.base/java.lang.reflect.Constructor.newInstance(Constructor.java:486)
at org.openqa.selenium.remote.ErrorCodec.decode(ErrorCodec.java:167)
at org.openqa.selenium.remote.codec.w3c.W3CHttpResponseCodec.decode(W3CHttpResponseCodec.java:138)
at org.openqa.selenium.remote.codec.w3c.W3CHttpResponseCodec.decode(W3CHttpResponseCodec.java:50)
at org.openqa.selenium.remote.HttpCommandExecutor.execute(HttpCommandExecutor.java:190)
at org.openqa.selenium.remote.service.DriverCommandExecutor.invokeExecute(DriverCommandExecutor.java:216)
at org.openqa.selenium.remote.service.DriverCommandExecutor.execute(DriverCommandExecutor.java:174)
at org.openqa.selenium.remote.RemoteWebDriver.execute(RemoteWebDriver.java:545)
at org.openqa.selenium.remote.ElementLocation$ElementFinder$2.findElement(ElementLocation.java:165)
at org.openqa.selenium.remote.ElementLocation.findElement(ElementLocation.java:59)
at org.openqa.selenium.remote.RemoteWebDriver.findElement(RemoteWebDriver.java:368)
at org.openqa.selenium.remote.RemoteWebDriver.findElement(RemoteWebDriver.java:362)
at org.openqa.selenium.support.pagefactory.DefaultElementLocator.findElement(DefaultElementLocator.java:68)
at org.openqa.selenium.support.pagefactory.internal.LocatingElementHandler.invoke(LocatingElementHandler.java:38)
at jdk.proxy2/jdk.proxy2.$Proxy14.click(Unknown Source)
at airlines_project.SeatSelection_TC8.OnePassenger(SeatSelection_TC8.java:68)
at airlines_project.Testcase8_SeatSelection.SeatSelection(Testcase8_SeatSelection.java:34)
at java.base/jdk.internal.reflect.DirectMethodHandleAccessor.invoke(DirectMethodHandleAccessor.java:103)
at java.base/java.lang.reflect.Method.invoke(Method.java:580)
at org.testng.internal.MethodInvocationHelper.invokeMethod(MethodInvocationHelper.java:133)
at org.testng.internal.TestInvoker.invokeMethod(TestInvoker.java:598)
at org.testng.internal.TestInvoker.invokeTestMethod(TestInvoker.java:173)
at org.testng.internal.MethodRunner.runInSequence(MethodRunner.java:46)
at org.testng.internal.TestInvoker$MethodInvocationAgent.invoke(TestInvoker.java:824)
at org.testng.internal.TestInvoker.invokeTestMethods(TestInvoker.java:146)
at org.testng.internal.TestMethodWorker.invokeTestMethods(TestMethodWorker.java:146)
at org.testng.internal.TestMethodWorker.run(TestMethodWorker.java:128)
at java.base/java.util.ArrayList.forEach(ArrayList.java:1597)
at org.testng.TestRunner.privateRun(TestRunner.java:794)
at org.testng.TestRunner.run(TestRunner.java:596)
at org.testng.SuiteRunner.runTest(SuiteRunner.java:377)
at org.testng.SuiteRunner.runSequentially(SuiteRunner.java:371)
at org.testng.SuiteRunner.privateRun(SuiteRunner.java:332)
at org.testng.SuiteRunner.run(SuiteRunner.java:276)
at org.testng.SuiteRunnerWorker.runSuite(SuiteRunnerWorker.java:53)
at org.testng.SuiteRunnerWorker.run(SuiteRunnerWorker.java:96)
at org.testng.TestNG.runSuitesSequentially(TestNG.java:1212)
at org.testng.TestNG.runSuitesLocally(TestNG.java:1134)
at org.testng.TestNG.runSuites(TestNG.java:1063)
at org.testng.TestNG.run(TestNG.java:1031)
at org.testng.remote.AbstractRemoteTestNG.run(AbstractRemoteTestNG.java:115)
at org.testng.remote.RemoteTestNG.initAndRun(RemoteTestNG.java:293)
at org.testng.remote.RemoteTestNG.main(RemoteTestNG.java:91)
]]>
            </full-stacktrace>
          </exception> <!-- org.openqa.selenium.NoSuchElementException -->
          <reporter-output>
          </reporter-output>
        </test-method> <!-- SeatSelection -->
        <test-method is-config="true" signature="logout()[pri:0, instance:airlines_project.Testcase8_SeatSelection@3e27ba32]" started-at="2024-09-24T19:23:37 IST" name="logout" finished-at="2024-09-24T19:23:38 IST" duration-ms="483" status="PASS">
          <reporter-output>
          </reporter-output>
        </test-method> <!-- logout -->
        <test-method is-config="true" signature="login()[pri:0, instance:airlines_project.Testcase8_SeatSelection@3e27ba32]" started-at="2024-09-24T19:23:38 IST" name="login" finished-at="2024-09-24T19:23:42 IST" duration-ms="4636" status="PASS">
          <reporter-output>
          </reporter-output>
        </test-method> <!-- login -->
        <test-method signature="SeatSelection()[pri:0, instance:airlines_project.Testcase8_SeatSelection@3e27ba32]" started-at="2024-09-24T19:23:42 IST" name="SeatSelection" finished-at="2024-09-24T19:24:11 IST" duration-ms="28253" status="PASS">
          <reporter-output>
            <line>
              <![CDATA[testcase is pass > report from Listeners]]>
            </line>
          </reporter-output>
        </test-method> <!-- SeatSelection -->
        <test-method is-config="true" signature="logout()[pri:0, instance:airlines_project.Testcase8_SeatSelection@3e27ba32]" started-at="2024-09-24T19:24:11 IST" name="logout" finished-at="2024-09-24T19:24:11 IST" duration-ms="411" status="PASS">
          <reporter-output>
          </reporter-output>
        </test-method> <!-- logout -->
      </class> <!-- airlines_project.Testcase8_SeatSelection -->
      <class name="airlines_project.Testcase5_SearchRoundTripF">
        <test-method is-config="true" signature="login()[pri:0, instance:airlines_project.Testcase5_SearchRoundTripF@54422e18]" started-at="2024-09-24T19:22:33 IST" name="login" finished-at="2024-09-24T19:22:38 IST" duration-ms="4926" status="PASS">
          <reporter-output>
          </reporter-output>
        </test-method> <!-- login -->
        <test-method signature="RoundTripSearch()[pri:0, instance:airlines_project.Testcase5_SearchRoundTripF@54422e18]" started-at="2024-09-24T19:22:38 IST" name="RoundTripSearch" finished-at="2024-09-24T19:22:48 IST" duration-ms="10243" status="PASS">
          <reporter-output>
            <line>
              <![CDATA[testcase is pass > report from Listeners]]>
            </line>
          </reporter-output>
        </test-method> <!-- RoundTripSearch -->
        <test-method is-config="true" signature="logout()[pri:0, instance:airlines_project.Testcase5_SearchRoundTripF@54422e18]" started-at="2024-09-24T19:22:49 IST" name="logout" finished-at="2024-09-24T19:22:49 IST" duration-ms="345" status="PASS">
          <reporter-output>
          </reporter-output>
        </test-method> <!-- logout -->
      </class> <!-- airlines_project.Testcase5_SearchRoundTripF -->
      <class name="airlines_project.Testcase9_MulPassSingleBooking">
        <test-method is-config="true" signature="login()[pri:0, instance:airlines_project.Testcase9_MulPassSingleBooking@7ef82753]" started-at="2024-09-24T19:24:11 IST" name="login" finished-at="2024-09-24T19:24:16 IST" duration-ms="4638" status="PASS">
          <reporter-output>
          </reporter-output>
        </test-method> <!-- login -->
        <test-method signature="MulPassSingleBooking()[pri:0, instance:airlines_project.Testcase9_MulPassSingleBooking@7ef82753]" started-at="2024-09-24T19:24:16 IST" name="MulPassSingleBooking" finished-at="2024-09-24T19:24:39 IST" duration-ms="23543" status="PASS">
          <reporter-output>
            <line>
              <![CDATA[testcase is pass > report from Listeners]]>
            </line>
          </reporter-output>
        </test-method> <!-- MulPassSingleBooking -->
        <test-method is-config="true" signature="logout()[pri:0, instance:airlines_project.Testcase9_MulPassSingleBooking@7ef82753]" started-at="2024-09-24T19:24:40 IST" name="logout" finished-at="2024-09-24T19:24:40 IST" duration-ms="390" status="PASS">
          <reporter-output>
          </reporter-output>
        </test-method> <!-- logout -->
      </class> <!-- airlines_project.Testcase9_MulPassSingleBooking -->
      <class name="airlines_project.Testcase12_LoginSearchLogout">
        <test-method is-config="true" signature="login()[pri:0, instance:airlines_project.Testcase12_LoginSearchLogout@3b0fe47a]" started-at="2024-09-24T19:24:40 IST" name="login" finished-at="2024-09-24T19:24:47 IST" duration-ms="6358" status="PASS">
          <reporter-output>
          </reporter-output>
        </test-method> <!-- login -->
        <test-method signature="LoginSearchLogout()[pri:0, instance:airlines_project.Testcase12_LoginSearchLogout@3b0fe47a]" started-at="2024-09-24T19:24:47 IST" name="LoginSearchLogout" finished-at="2024-09-24T19:24:59 IST" duration-ms="12922" status="PASS">
          <reporter-output>
            <line>
              <![CDATA[testcase is pass > report from Listeners]]>
            </line>
          </reporter-output>
        </test-method> <!-- LoginSearchLogout -->
        <test-method is-config="true" signature="logout()[pri:0, instance:airlines_project.Testcase12_LoginSearchLogout@3b0fe47a]" started-at="2024-09-24T19:25:00 IST" name="logout" finished-at="2024-09-24T19:25:00 IST" duration-ms="376" status="PASS">
          <reporter-output>
          </reporter-output>
        </test-method> <!-- logout -->
      </class> <!-- airlines_project.Testcase12_LoginSearchLogout -->
      <class name="airlines_project.Testcase4_SearchOneWayF">
        <test-method is-config="true" signature="login()[pri:0, instance:airlines_project.Testcase4_SearchOneWayF@543295b0]" started-at="2024-09-24T19:22:17 IST" name="login" finished-at="2024-09-24T19:22:24 IST" duration-ms="6886" status="PASS">
          <reporter-output>
          </reporter-output>
        </test-method> <!-- login -->
        <test-method signature="OneWayTrip()[pri:0, instance:airlines_project.Testcase4_SearchOneWayF@543295b0]" started-at="2024-09-24T19:22:24 IST" name="OneWayTrip" finished-at="2024-09-24T19:22:32 IST" duration-ms="8354" status="PASS">
          <reporter-output>
            <line>
              <![CDATA[testcase is pass > report from Listeners]]>
            </line>
          </reporter-output>
        </test-method> <!-- OneWayTrip -->
        <test-method is-config="true" signature="logout()[pri:0, instance:airlines_project.Testcase4_SearchOneWayF@543295b0]" started-at="2024-09-24T19:22:33 IST" name="logout" finished-at="2024-09-24T19:22:33 IST" duration-ms="595" status="PASS">
          <reporter-output>
          </reporter-output>
        </test-method> <!-- logout -->
      </class> <!-- airlines_project.Testcase4_SearchOneWayF -->
      <class name="airlines_project.Testcase3_InvalidLogin">
        <test-method is-config="true" signature="login()[pri:0, instance:airlines_project.Testcase3_InvalidLogin@563f38c4]" started-at="2024-09-24T19:22:08 IST" name="login" finished-at="2024-09-24T19:22:13 IST" duration-ms="5233" status="PASS">
          <reporter-output>
          </reporter-output>
        </test-method> <!-- login -->
        <test-method signature="validlogin()[pri:0, instance:airlines_project.Testcase3_InvalidLogin@563f38c4]" started-at="2024-09-24T19:22:13 IST" name="validlogin" finished-at="2024-09-24T19:22:17 IST" duration-ms="3333" status="PASS">
          <reporter-output>
            <line>
              <![CDATA[testcase is pass > report from Listeners]]>
            </line>
          </reporter-output>
        </test-method> <!-- validlogin -->
        <test-method is-config="true" signature="logout()[pri:0, instance:airlines_project.Testcase3_InvalidLogin@563f38c4]" started-at="2024-09-24T19:22:17 IST" name="logout" finished-at="2024-09-24T19:22:17 IST" duration-ms="355" status="PASS">
          <reporter-output>
          </reporter-output>
        </test-method> <!-- logout -->
      </class> <!-- airlines_project.Testcase3_InvalidLogin -->
      <class name="airlines_project.Testcase2_ValidLogin">
        <test-method is-config="true" signature="login()[pri:0, instance:airlines_project.Testcase2_ValidLogin@41a0aa7d]" started-at="2024-09-24T19:21:24 IST" name="login" finished-at="2024-09-24T19:21:55 IST" duration-ms="30918" status="PASS">
          <reporter-output>
          </reporter-output>
        </test-method> <!-- login -->
        <test-method signature="validlogin()[pri:0, instance:airlines_project.Testcase2_ValidLogin@41a0aa7d]" started-at="2024-09-24T19:21:55 IST" name="validlogin" finished-at="2024-09-24T19:22:05 IST" duration-ms="9827" status="PASS">
          <reporter-output>
            <line>
              <![CDATA[testcase is pass > report from Listeners]]>
            </line>
          </reporter-output>
        </test-method> <!-- validlogin -->
        <test-method is-config="true" signature="logout()[pri:0, instance:airlines_project.Testcase2_ValidLogin@41a0aa7d]" started-at="2024-09-24T19:22:06 IST" name="logout" finished-at="2024-09-24T19:22:08 IST" duration-ms="2096" status="PASS">
          <reporter-output>
          </reporter-output>
        </test-method> <!-- logout -->
      </class> <!-- airlines_project.Testcase2_ValidLogin -->
      <class name="airlines_project.Testcase14_SearchDomesRoundTF">
        <test-method is-config="true" signature="login()[pri:0, instance:airlines_project.Testcase14_SearchDomesRoundTF@202b0582]" started-at="2024-09-24T19:25:00 IST" name="login" finished-at="2024-09-24T19:25:06 IST" duration-ms="6058" status="PASS">
          <reporter-output>
          </reporter-output>
        </test-method> <!-- login -->
        <test-method retried="true" signature="SearchDomesticTrip()[pri:0, instance:airlines_project.Testcase14_SearchDomesRoundTF@202b0582]" started-at="2024-09-24T19:25:06 IST" name="SearchDomesticTrip" finished-at="2024-09-24T19:25:23 IST" duration-ms="16918" status="SKIP">
          <exception class="org.openqa.selenium.NoSuchElementException">
            <message>
              <![CDATA[no such element: Unable to locate element: {"method":"xpath","selector":"(//div[@class='_285a55dc'])[2]"}
  (Session info: chrome=128.0.6613.139)
For documentation on this error, please visit: https://www.selenium.dev/documentation/webdriver/troubleshooting/errors#no-such-element-exception
Build info: version: '4.23.1', revision: '656257d8e9'
System info: os.name: 'Windows 10', os.arch: 'amd64', os.version: '10.0', java.version: '22.0.1'
Driver info: org.openqa.selenium.chrome.ChromeDriver
Command: [c3bf4784be273ef2e4e436ec8a02788b, findElement {value=(//div[@class='_285a55dc'])[2], using=xpath}]
Capabilities {acceptInsecureCerts: false, browserName: chrome, browserVersion: 128.0.6613.139, chrome: {chromedriverVersion: 128.0.6613.137 (fe621c5aa2d..., userDataDir: C:\Users\LENOVO\AppData\Loc...}, fedcm:accounts: true, goog:chromeOptions: {debuggerAddress: localhost:62183}, networkConnectionEnabled: false, pageLoadStrategy: normal, platformName: windows, proxy: Proxy(), se:cdp: ws://localhost:62183/devtoo..., se:cdpVersion: 128.0.6613.139, setWindowRect: true, strictFileInteractability: false, timeouts: {implicit: 0, pageLoad: 300000, script: 30000}, unhandledPromptBehavior: dismiss and notify, webauthn:extension:credBlob: true, webauthn:extension:largeBlob: true, webauthn:extension:minPinLength: true, webauthn:extension:prf: true, webauthn:virtualAuthenticators: true}
Session ID: c3bf4784be273ef2e4e436ec8a02788b]]>
            </message>
            <full-stacktrace>
              <![CDATA[org.openqa.selenium.NoSuchElementException: no such element: Unable to locate element: {"method":"xpath","selector":"(//div[@class='_285a55dc'])[2]"}
  (Session info: chrome=128.0.6613.139)
For documentation on this error, please visit: https://www.selenium.dev/documentation/webdriver/troubleshooting/errors#no-such-element-exception
Build info: version: '4.23.1', revision: '656257d8e9'
System info: os.name: 'Windows 10', os.arch: 'amd64', os.version: '10.0', java.version: '22.0.1'
Driver info: org.openqa.selenium.chrome.ChromeDriver
Command: [c3bf4784be273ef2e4e436ec8a02788b, findElement {value=(//div[@class='_285a55dc'])[2], using=xpath}]
Capabilities {acceptInsecureCerts: false, browserName: chrome, browserVersion: 128.0.6613.139, chrome: {chromedriverVersion: 128.0.6613.137 (fe621c5aa2d..., userDataDir: C:\Users\LENOVO\AppData\Loc...}, fedcm:accounts: true, goog:chromeOptions: {debuggerAddress: localhost:62183}, networkConnectionEnabled: false, pageLoadStrategy: normal, platformName: windows, proxy: Proxy(), se:cdp: ws://localhost:62183/devtoo..., se:cdpVersion: 128.0.6613.139, setWindowRect: true, strictFileInteractability: false, timeouts: {implicit: 0, pageLoad: 300000, script: 30000}, unhandledPromptBehavior: dismiss and notify, webauthn:extension:credBlob: true, webauthn:extension:largeBlob: true, webauthn:extension:minPinLength: true, webauthn:extension:prf: true, webauthn:virtualAuthenticators: true}
Session ID: c3bf4784be273ef2e4e436ec8a02788b
at java.base/jdk.internal.reflect.DirectConstructorHandleAccessor.newInstance(DirectConstructorHandleAccessor.java:62)
at java.base/java.lang.reflect.Constructor.newInstanceWithCaller(Constructor.java:502)
at java.base/java.lang.reflect.Constructor.newInstance(Constructor.java:486)
at org.openqa.selenium.remote.ErrorCodec.decode(ErrorCodec.java:167)
at org.openqa.selenium.remote.codec.w3c.W3CHttpResponseCodec.decode(W3CHttpResponseCodec.java:138)
at org.openqa.selenium.remote.codec.w3c.W3CHttpResponseCodec.decode(W3CHttpResponseCodec.java:50)
at org.openqa.selenium.remote.HttpCommandExecutor.execute(HttpCommandExecutor.java:190)
at org.openqa.selenium.remote.service.DriverCommandExecutor.invokeExecute(DriverCommandExecutor.java:216)
at org.openqa.selenium.remote.service.DriverCommandExecutor.execute(DriverCommandExecutor.java:174)
at org.openqa.selenium.remote.RemoteWebDriver.execute(RemoteWebDriver.java:545)
at org.openqa.selenium.remote.ElementLocation$ElementFinder$2.findElement(ElementLocation.java:165)
at org.openqa.selenium.remote.ElementLocation.findElement(ElementLocation.java:59)
at org.openqa.selenium.remote.RemoteWebDriver.findElement(RemoteWebDriver.java:368)
at org.openqa.selenium.remote.RemoteWebDriver.findElement(RemoteWebDriver.java:362)
at org.openqa.selenium.support.pagefactory.DefaultElementLocator.findElement(DefaultElementLocator.java:68)
at org.openqa.selenium.support.pagefactory.internal.LocatingElementHandler.invoke(LocatingElementHandler.java:38)
at jdk.proxy2/jdk.proxy2.$Proxy14.isDisplayed(Unknown Source)
at airlines_project.SearchDomesRoundTF_TC14.RoundTripResults(SearchDomesRoundTF_TC14.java:32)
at airlines_project.Testcase14_SearchDomesRoundTF.SearchDomesticTrip(Testcase14_SearchDomesRoundTF.java:29)
at java.base/jdk.internal.reflect.DirectMethodHandleAccessor.invoke(DirectMethodHandleAccessor.java:103)
at java.base/java.lang.reflect.Method.invoke(Method.java:580)
at org.testng.internal.MethodInvocationHelper.invokeMethod(MethodInvocationHelper.java:133)
at org.testng.internal.TestInvoker.invokeMethod(TestInvoker.java:598)
at org.testng.internal.TestInvoker.invokeTestMethod(TestInvoker.java:173)
at org.testng.internal.MethodRunner.runInSequence(MethodRunner.java:46)
at org.testng.internal.TestInvoker$MethodInvocationAgent.invoke(TestInvoker.java:824)
at org.testng.internal.TestInvoker.invokeTestMethods(TestInvoker.java:146)
at org.testng.internal.TestMethodWorker.invokeTestMethods(TestMethodWorker.java:146)
at org.testng.internal.TestMethodWorker.run(TestMethodWorker.java:128)
at java.base/java.util.ArrayList.forEach(ArrayList.java:1597)
at org.testng.TestRunner.privateRun(TestRunner.java:794)
at org.testng.TestRunner.run(TestRunner.java:596)
at org.testng.SuiteRunner.runTest(SuiteRunner.java:377)
at org.testng.SuiteRunner.runSequentially(SuiteRunner.java:371)
at org.testng.SuiteRunner.privateRun(SuiteRunner.java:332)
at org.testng.SuiteRunner.run(SuiteRunner.java:276)
at org.testng.SuiteRunnerWorker.runSuite(SuiteRunnerWorker.java:53)
at org.testng.SuiteRunnerWorker.run(SuiteRunnerWorker.java:96)
at org.testng.TestNG.runSuitesSequentially(TestNG.java:1212)
at org.testng.TestNG.runSuitesLocally(TestNG.java:1134)
at org.testng.TestNG.runSuites(TestNG.java:1063)
at org.testng.TestNG.run(TestNG.java:1031)
at org.testng.remote.AbstractRemoteTestNG.run(AbstractRemoteTestNG.java:115)
at org.testng.remote.RemoteTestNG.initAndRun(RemoteTestNG.java:293)
at org.testng.remote.RemoteTestNG.main(RemoteTestNG.java:91)
]]>
            </full-stacktrace>
          </exception> <!-- org.openqa.selenium.NoSuchElementException -->
          <reporter-output>
          </reporter-output>
        </test-method> <!-- SearchDomesticTrip -->
        <test-method is-config="true" signature="logout()[pri:0, instance:airlines_project.Testcase14_SearchDomesRoundTF@202b0582]" started-at="2024-09-24T19:25:23 IST" name="logout" finished-at="2024-09-24T19:25:23 IST" duration-ms="379" status="PASS">
          <reporter-output>
          </reporter-output>
        </test-method> <!-- logout -->
        <test-method is-config="true" signature="login()[pri:0, instance:airlines_project.Testcase14_SearchDomesRoundTF@202b0582]" started-at="2024-09-24T19:25:23 IST" name="login" finished-at="2024-09-24T19:25:28 IST" duration-ms="4650" status="PASS">
          <reporter-output>
          </reporter-output>
        </test-method> <!-- login -->
        <test-method signature="SearchDomesticTrip()[pri:0, instance:airlines_project.Testcase14_SearchDomesRoundTF@202b0582]" started-at="2024-09-24T19:25:28 IST" name="SearchDomesticTrip" finished-at="2024-09-24T19:25:37 IST" duration-ms="9200" status="PASS">
          <reporter-output>
            <line>
              <![CDATA[testcase is pass > report from Listeners]]>
            </line>
          </reporter-output>
        </test-method> <!-- SearchDomesticTrip -->
        <test-method is-config="true" signature="logout()[pri:0, instance:airlines_project.Testcase14_SearchDomesRoundTF@202b0582]" started-at="2024-09-24T19:25:38 IST" name="logout" finished-at="2024-09-24T19:25:38 IST" duration-ms="394" status="PASS">
          <reporter-output>
          </reporter-output>
        </test-method> <!-- logout -->
      </class> <!-- airlines_project.Testcase14_SearchDomesRoundTF -->
      <class name="airlines_project.Testcase6_ValidateSearchdiffClasses">
        <test-method is-config="true" signature="login()[pri:0, instance:airlines_project.Testcase6_ValidateSearchdiffClasses@117159c0]" started-at="2024-09-24T19:22:49 IST" name="login" finished-at="2024-09-24T19:22:55 IST" duration-ms="5690" status="PASS">
          <reporter-output>
          </reporter-output>
        </test-method> <!-- login -->
        <test-method signature="DiffEconomies()[pri:0, instance:airlines_project.Testcase6_ValidateSearchdiffClasses@117159c0]" started-at="2024-09-24T19:22:55 IST" name="DiffEconomies" finished-at="2024-09-24T19:23:10 IST" duration-ms="14868" status="PASS">
          <reporter-output>
            <line>
              <![CDATA[testcase is pass > report from Listeners]]>
            </line>
          </reporter-output>
        </test-method> <!-- DiffEconomies -->
        <test-method is-config="true" signature="logout()[pri:0, instance:airlines_project.Testcase6_ValidateSearchdiffClasses@117159c0]" started-at="2024-09-24T19:23:10 IST" name="logout" finished-at="2024-09-24T19:23:12 IST" duration-ms="1950" status="PASS">
          <reporter-output>
          </reporter-output>
        </test-method> <!-- logout -->
      </class> <!-- airlines_project.Testcase6_ValidateSearchdiffClasses -->
    </test> <!-- Test -->
  </suite> <!-- Suite -->
</testng-results>
